#
# A fatal error has been detected by the Java Runtime Environment:
#
#  EXCEPTION_ACCESS_VIOLATION (0xc0000005) at pc=0x000000006ca3a0a5, pid=9116, tid=0x0000000000004220
#
# JRE version: Java(TM) SE Runtime Environment (8.0_101-b13) (build 1.8.0_101-b13)
# Java VM: Java HotSpot(TM) 64-Bit Server VM (25.101-b13 mixed mode windows-amd64 compressed oops)
# Problematic frame:
# V  [jvm.dll+0x12a0a5]
#
# Failed to write core dump. Minidumps are not enabled by default on client versions of Windows
#
# If you would like to submit a bug report, please visit:
#   http://bugreport.java.com/bugreport/crash.jsp
#

---------------  T H R E A D  ---------------

Current thread (0x0000000028151800):  JavaThread "JDWP Transport Listener: dt_socket" daemon [_thread_in_vm, id=16928, stack(0x0000000028be0000,0x0000000028ce0000)]

siginfo: ExceptionCode=0xc0000005, reading address 0x00003b656c626164

Registers:
RAX=0x0000000028cdf501, RBX=0x0000000028151800, RCX=0x00003b656c626164, RDX=0x0000000000000000
RSP=0x0000000028cdf590, RBP=0x00003b656c626164, RSI=0x0000000028cdf6a8, RDI=0x000000000303ec90
R8 =0x0000000028151800, R9 =0x0000000000008000, R10=0x0000000000000000, R11=0x0000000028cdf815
R12=0x0000000000000000, R13=0x0000000028152528, R14=0x0000000000000000, R15=0x0000000000000000
RIP=0x000000006ca3a0a5, EFLAGS=0x0000000000010202

Top of Stack: (sp=0x0000000028cdf590)
0x0000000028cdf590:   0000000028151800 0000000028151800
0x0000000028cdf5a0:   0000000028cdf658 000000006cc42f0b
0x0000000028cdf5b0:   0000000028151800 000000006cc5f76d
0x0000000028cdf5c0:   0000000000000000 000000006c629155
0x0000000028cdf5d0:   000000002ac636d8 000000006c63291e
0x0000000028cdf5e0:   0000000028151800 0000000000000000
0x0000000028cdf5f0:   0000000000000000 0000000000000000
0x0000000028cdf600:   00003b656c626164 000000006c631a15
0x0000000028cdf610:   0000000028cdf6a8 0000000028cdf680
0x0000000028cdf620:   0000000000000001 000000002ac636d8
0x0000000028cdf630:   00003b656c626164 000000006c6153b3
0x0000000028cdf640:   0000000028cdf770 0000000000000001
0x0000000028cdf650:   0000000000000001 000000002ac636d8
0x0000000028cdf660:   0000000000000001 0000000000000000
0x0000000028cdf670:   0000000000000000 0000000000000000
0x0000000028cdf680:   0000000000000001 000000006c615571 

Instructions: (pc=0x000000006ca3a0a5)
0x000000006ca3a085:   cc cc cc cc cc cc cc cc cc cc cc 48 83 ec 28 48
0x000000006ca3a095:   85 c9 75 07 33 c0 48 83 c4 28 c3 48 89 5c 24 20
0x000000006ca3a0a5:   48 8b 19 48 85 db 74 20 48 83 fb 37 74 1a 48 8b
0x000000006ca3a0b5:   13 48 8b cb ff 52 10 84 c0 74 0d 48 8b c3 48 8b 


Register to memory mapping:

RAX=0x0000000028cdf501 is pointing into the stack for thread: 0x0000000028151800
RBX=0x0000000028151800 is a thread
RCX=0x00003b656c626164 is an unknown value
RDX=0x0000000000000000 is an unknown value
RSP=0x0000000028cdf590 is pointing into the stack for thread: 0x0000000028151800
RBP=0x00003b656c626164 is an unknown value
RSI=0x0000000028cdf6a8 is pointing into the stack for thread: 0x0000000028151800
RDI=0x000000000303ec90 is an unknown value
R8 =0x0000000028151800 is a thread
R9 =0x0000000000008000 is an unknown value
R10=0x0000000000000000 is an unknown value
R11=0x0000000028cdf815 is pointing into the stack for thread: 0x0000000028151800
R12=0x0000000000000000 is an unknown value
R13=0x0000000028152528 is an unknown value
R14=0x0000000000000000 is an unknown value
R15=0x0000000000000000 is an unknown value


Stack: [0x0000000028be0000,0x0000000028ce0000],  sp=0x0000000028cdf590,  free space=1021k
Native frames: (J=compiled Java code, j=interpreted, Vv=VM code, C=native code)
V  [jvm.dll+0x12a0a5]
V  [jvm.dll+0x34f76d]
C  [jdwp.dll+0x21a15]
C  [jdwp.dll+0x53b3]
C  [jdwp.dll+0x5571]
C  [jdwp.dll+0xf0a8]
C  [jdwp.dll+0x1f2d5]
C  [jdwp.dll+0x1f4aa]
V  [jvm.dll+0x1bd258]
V  [jvm.dll+0x2451a4]
V  [jvm.dll+0x29c18a]
C  [msvcr100.dll+0x21d9f]
C  [msvcr100.dll+0x21e3b]
C  [KERNEL32.DLL+0x8364]
C  [ntdll.dll+0x67091]


---------------  P R O C E S S  ---------------

Java Threads: ( => current thread )
  0x000000002a5f7000 JavaThread "http-nio-8080-exec-10" daemon [_thread_blocked, id=7728, stack(0x0000000030c80000,0x0000000030d80000)]
  0x000000002a5f6800 JavaThread "http-nio-8080-exec-9" daemon [_thread_blocked, id=12676, stack(0x0000000030b80000,0x0000000030c80000)]
  0x000000002a5f5800 JavaThread "http-nio-8080-exec-8" daemon [_thread_blocked, id=7580, stack(0x0000000030a80000,0x0000000030b80000)]
  0x000000002a5f4000 JavaThread "http-nio-8080-exec-7" daemon [_thread_blocked, id=17040, stack(0x0000000030980000,0x0000000030a80000)]
  0x000000002a5f3800 JavaThread "http-nio-8080-exec-6" daemon [_thread_blocked, id=13084, stack(0x0000000030880000,0x0000000030980000)]
  0x000000002a5ee000 JavaThread "http-nio-8080-exec-5" daemon [_thread_blocked, id=9224, stack(0x0000000030780000,0x0000000030880000)]
  0x000000002a5f2800 JavaThread "http-nio-8080-exec-4" daemon [_thread_blocked, id=15380, stack(0x0000000030680000,0x0000000030780000)]
  0x000000002a5f2000 JavaThread "http-nio-8080-exec-3" daemon [_thread_blocked, id=11916, stack(0x0000000030580000,0x0000000030680000)]
  0x000000002a5f0800 JavaThread "http-nio-8080-exec-2" daemon [_thread_blocked, id=1548, stack(0x0000000030280000,0x0000000030380000)]
  0x000000002a5f5000 JavaThread "http-nio-8080-exec-1" daemon [_thread_blocked, id=12888, stack(0x0000000030180000,0x0000000030280000)]
  0x000000002a5f1000 JavaThread "RMI TCP Connection(idle)" daemon [_thread_blocked, id=5368, stack(0x000000002ff80000,0x0000000030080000)]
  0x000000002a5e9000 JavaThread "RMI TCP Connection(idle)" daemon [_thread_blocked, id=13892, stack(0x000000002fd80000,0x000000002fe80000)]
  0x000000002a5ea800 JavaThread "RMI TCP Connection(idle)" daemon [_thread_blocked, id=6416, stack(0x000000002fb80000,0x000000002fc80000)]
  0x000000002a5ef800 JavaThread "RMI TCP Connection(idle)" daemon [_thread_blocked, id=6344, stack(0x000000002fa80000,0x000000002fb80000)]
  0x000000002a5e8000 JavaThread "RMI TCP Connection(idle)" daemon [_thread_blocked, id=11152, stack(0x000000002f980000,0x000000002fa80000)]
  0x000000002a5ed800 JavaThread "DestroyJavaVM" [_thread_blocked, id=5144, stack(0x0000000002ec0000,0x0000000002fc0000)]
  0x000000002a5ef000 JavaThread "http-nio-8080-AsyncTimeout" daemon [_thread_blocked, id=14240, stack(0x000000002f580000,0x000000002f680000)]
  0x000000002a5ec800 JavaThread "http-nio-8080-Acceptor-0" daemon [_thread_in_native, id=8392, stack(0x000000002f480000,0x000000002f580000)]
  0x000000002a5eb000 JavaThread "http-nio-8080-ClientPoller-1" daemon [_thread_in_native, id=12016, stack(0x000000002f380000,0x000000002f480000)]
  0x000000002a5e9800 JavaThread "http-nio-8080-ClientPoller-0" daemon [_thread_in_native, id=2120, stack(0x000000002f280000,0x000000002f380000)]
  0x000000002a5ec000 JavaThread "NioBlockingSelector.BlockPoller-1" daemon [_thread_in_native, id=8732, stack(0x000000002f180000,0x000000002f280000)]
  0x000000002b2a4000 JavaThread "container-0" [_thread_blocked, id=1012, stack(0x000000002e880000,0x000000002e980000)]
  0x000000002b2a7000 JavaThread "ContainerBackgroundProcessor[StandardEngine[Tomcat]]" daemon [_thread_blocked, id=1272, stack(0x000000002e780000,0x000000002e880000)]
  0x000000002b2a6000 JavaThread "Abandoned connection cleanup thread" daemon [_thread_blocked, id=1464, stack(0x000000002de80000,0x000000002df80000)]
  0x000000002b2a5800 JavaThread "Tomcat JDBC Pool Cleaner[414493378:1509170692092]" daemon [_thread_blocked, id=8128, stack(0x000000002db80000,0x000000002dc80000)]
  0x000000002a4b6000 JavaThread "JMX server connection timeout 22" daemon [_thread_blocked, id=12028, stack(0x000000002bab0000,0x000000002bbb0000)]
  0x000000002a4a2000 JavaThread "RMI TCP Connection(idle)" daemon [_thread_blocked, id=4396, stack(0x000000002b9b0000,0x000000002bab0000)]
  0x000000002a49e800 JavaThread "RMI Scheduler(0)" daemon [_thread_blocked, id=6020, stack(0x000000002b8b0000,0x000000002b9b0000)]
  0x0000000029b7a000 JavaThread "RMI TCP Connection(idle)" daemon [_thread_blocked, id=13440, stack(0x000000002b4b0000,0x000000002b5b0000)]
  0x0000000029807800 JavaThread "RMI TCP Accept-0" daemon [_thread_in_native, id=3968, stack(0x0000000029de0000,0x0000000029ee0000)]
  0x00000000297e9000 JavaThread "RMI TCP Accept-52756" daemon [_thread_in_native, id=5836, stack(0x0000000029ce0000,0x0000000029de0000)]
  0x00000000297e0000 JavaThread "RMI TCP Accept-0" daemon [_thread_in_native, id=3428, stack(0x0000000029be0000,0x0000000029ce0000)]
  0x000000002820d000 JavaThread "Service Thread" daemon [_thread_blocked, id=2408, stack(0x00000000292e0000,0x00000000293e0000)]
  0x0000000028183800 JavaThread "C1 CompilerThread3" daemon [_thread_blocked, id=7944, stack(0x00000000291e0000,0x00000000292e0000)]
  0x0000000028182800 JavaThread "C2 CompilerThread2" daemon [_thread_blocked, id=10456, stack(0x00000000290e0000,0x00000000291e0000)]
  0x0000000028182000 JavaThread "C2 CompilerThread1" daemon [_thread_blocked, id=9812, stack(0x0000000028fe0000,0x00000000290e0000)]
  0x000000002817c800 JavaThread "C2 CompilerThread0" daemon [_thread_blocked, id=12524, stack(0x0000000028ee0000,0x0000000028fe0000)]
  0x0000000028161000 JavaThread "JDWP Command Reader" daemon [_thread_in_native, id=12264, stack(0x0000000028de0000,0x0000000028ee0000)]
  0x0000000028160000 JavaThread "JDWP Event Helper Thread" daemon [_thread_blocked, id=10804, stack(0x0000000028ce0000,0x0000000028de0000)]
=>0x0000000028151800 JavaThread "JDWP Transport Listener: dt_socket" daemon [_thread_in_vm, id=16928, stack(0x0000000028be0000,0x0000000028ce0000)]
  0x0000000028148800 JavaThread "Attach Listener" daemon [_thread_blocked, id=828, stack(0x00000000286b0000,0x00000000287b0000)]
  0x00000000280f5000 JavaThread "Signal Dispatcher" daemon [_thread_blocked, id=8132, stack(0x00000000285b0000,0x00000000286b0000)]
  0x00000000261e3000 JavaThread "Finalizer" daemon [_thread_blocked, id=10452, stack(0x00000000284b0000,0x00000000285b0000)]
  0x000000000313e000 JavaThread "Reference Handler" daemon [_thread_blocked, id=5568, stack(0x0000000027fb0000,0x00000000280b0000)]

Other Threads:
  0x00000000261d9800 VMThread [stack: 0x0000000027eb0000,0x0000000027fb0000] [id=10188]
  0x0000000029808800 WatcherThread [stack: 0x0000000029ee0000,0x0000000029fe0000] [id=5784]

VM state:not at safepoint (normal execution)

VM Mutex/Monitor currently owned by a thread: None

Heap:
 PSYoungGen      total 378880K, used 368721K [0x0000000715980000, 0x0000000734980000, 0x00000007c0000000)
  eden space 357376K, 97% used [0x0000000715980000,0x000000072ac97a00,0x000000072b680000)
  from space 21504K, 99% used [0x000000072b680000,0x000000072cb7cbe0,0x000000072cb80000)
  to   space 22016K, 0% used [0x0000000733400000,0x0000000733400000,0x0000000734980000)
 ParOldGen       total 370688K, used 29121K [0x00000005c0c00000, 0x00000005d7600000, 0x0000000715980000)
  object space 370688K, 7% used [0x00000005c0c00000,0x00000005c28705c8,0x00000005d7600000)
 Metaspace       used 57849K, capacity 58623K, committed 58840K, reserved 1099776K
  class space    used 7689K, capacity 7859K, committed 7936K, reserved 1048576K

Card table byte_map: [0x0000000012500000,0x0000000013500000] byte_map_base: 0x000000000f6fa000

Marking Bits: (ParMarkBitMap*) 0x000000006d12a6d0
 Begin Bits: [0x00000000147b0000, 0x000000001c780000)
 End Bits:   [0x000000001c780000, 0x0000000024750000)

Polling page: 0x0000000000e30000

CodeCache: size=245760Kb used=11793Kb max_used=11793Kb free=233966Kb
 bounds [0x0000000003140000, 0x0000000003cd0000, 0x0000000012140000]
 total_blobs=6357 nmethods=5784 adapters=493
 compilation: enabled

Compilation events (10 events):
Event: 44.475 Thread 0x0000000028183800 5904       1       sun.nio.ch.WindowsSelectorImpl$FinishLock::checkForException (51 bytes)
Event: 44.476 Thread 0x0000000028183800 nmethod 5904 0x0000000003cc4710 code [0x0000000003cc4900, 0x0000000003cc52f8]
Event: 44.476 Thread 0x0000000028183800 5905       1       sun.nio.ch.WindowsSelectorImpl::updateSelectedKeys (74 bytes)
Event: 44.476 Thread 0x0000000028183800 nmethod 5905 0x0000000003cc5950 code [0x0000000003cc5b00, 0x0000000003cc5e08]
Event: 44.476 Thread 0x0000000028183800 5906       1       sun.nio.ch.WindowsSelectorImpl$SubSelector::access$2900 (6 bytes)
Event: 44.476 Thread 0x0000000028183800 nmethod 5906 0x0000000003cc60d0 code [0x0000000003cc6220, 0x0000000003cc6348]
Event: 44.549 Thread 0x0000000028183800 5907       1       sun.nio.ch.WindowsSelectorImpl$SubSelector::processSelectedKeys (64 bytes)
Event: 44.549 Thread 0x0000000028183800 nmethod 5907 0x0000000003cc6410 code [0x0000000003cc6580, 0x0000000003cc6768]
Event: 44.549 Thread 0x0000000028183800 5908   !   1       sun.nio.ch.WindowsSelectorImpl::resetWakeupSocket (41 bytes)
Event: 44.550 Thread 0x0000000028183800 nmethod 5908 0x0000000003cc6850 code [0x0000000003cc69c0, 0x0000000003cc6d08]

GC Heap History (10 events):
Event: 1.037 GC heap before
{Heap before GC invocations=3 (full 1):
 PSYoungGen      total 284672K, used 16109K [0x0000000715980000, 0x0000000728480000, 0x00000007c0000000)
  eden space 263168K, 0% used [0x0000000715980000,0x0000000715980000,0x0000000725a80000)
  from space 21504K, 74% used [0x0000000726f80000,0x0000000727f3b600,0x0000000728480000)
  to   space 21504K, 0% used [0x0000000725a80000,0x0000000725a80000,0x0000000726f80000)
 ParOldGen       total 349696K, used 96K [0x00000005c0c00000, 0x00000005d6180000, 0x0000000715980000)
  object space 349696K, 0% used [0x00000005c0c00000,0x00000005c0c18010,0x00000005d6180000)
 Metaspace       used 20836K, capacity 21166K, committed 21248K, reserved 1067008K
  class space    used 2653K, capacity 2734K, committed 2816K, reserved 1048576K
Event: 1.063 GC heap after
Heap after GC invocations=3 (full 1):
 PSYoungGen      total 284672K, used 0K [0x0000000715980000, 0x0000000728480000, 0x00000007c0000000)
  eden space 263168K, 0% used [0x0000000715980000,0x0000000715980000,0x0000000725a80000)
  from space 21504K, 0% used [0x0000000726f80000,0x0000000726f80000,0x0000000728480000)
  to   space 21504K, 0% used [0x0000000725a80000,0x0000000725a80000,0x0000000726f80000)
 ParOldGen       total 222720K, used 15658K [0x00000005c0c00000, 0x00000005ce580000, 0x0000000715980000)
  object space 222720K, 7% used [0x00000005c0c00000,0x00000005c1b4ab30,0x00000005ce580000)
 Metaspace       used 20836K, capacity 21166K, committed 21248K, reserved 1067008K
  class space    used 2653K, capacity 2734K, committed 2816K, reserved 1048576K
}
Event: 2.131 GC heap before
{Heap before GC invocations=4 (full 1):
 PSYoungGen      total 284672K, used 263168K [0x0000000715980000, 0x0000000728480000, 0x00000007c0000000)
  eden space 263168K, 100% used [0x0000000715980000,0x0000000725a80000,0x0000000725a80000)
  from space 21504K, 0% used [0x0000000726f80000,0x0000000726f80000,0x0000000728480000)
  to   space 21504K, 0% used [0x0000000725a80000,0x0000000725a80000,0x0000000726f80000)
 ParOldGen       total 222720K, used 15658K [0x00000005c0c00000, 0x00000005ce580000, 0x0000000715980000)
  object space 222720K, 7% used [0x00000005c0c00000,0x00000005c1b4ab30,0x00000005ce580000)
 Metaspace       used 28591K, capacity 29066K, committed 29312K, reserved 1075200K
  class space    used 3732K, capacity 3848K, committed 3968K, reserved 1048576K
Event: 2.139 GC heap after
Heap after GC invocations=4 (full 1):
 PSYoungGen      total 284672K, used 15388K [0x0000000715980000, 0x000000072e480000, 0x00000007c0000000)
  eden space 263168K, 0% used [0x0000000715980000,0x0000000715980000,0x0000000725a80000)
  from space 21504K, 71% used [0x0000000725a80000,0x0000000726987330,0x0000000726f80000)
  to   space 21504K, 0% used [0x000000072cf80000,0x000000072cf80000,0x000000072e480000)
 ParOldGen       total 222720K, used 15666K [0x00000005c0c00000, 0x00000005ce580000, 0x0000000715980000)
  object space 222720K, 7% used [0x00000005c0c00000,0x00000005c1b4cb30,0x00000005ce580000)
 Metaspace       used 28591K, capacity 29066K, committed 29312K, reserved 1075200K
  class space    used 3732K, capacity 3848K, committed 3968K, reserved 1048576K
}
Event: 3.132 GC heap before
{Heap before GC invocations=5 (full 1):
 PSYoungGen      total 284672K, used 203662K [0x0000000715980000, 0x000000072e480000, 0x00000007c0000000)
  eden space 263168K, 71% used [0x0000000715980000,0x000000072115c818,0x0000000725a80000)
  from space 21504K, 71% used [0x0000000725a80000,0x0000000726987330,0x0000000726f80000)
  to   space 21504K, 0% used [0x000000072cf80000,0x000000072cf80000,0x000000072e480000)
 ParOldGen       total 222720K, used 15666K [0x00000005c0c00000, 0x00000005ce580000, 0x0000000715980000)
  object space 222720K, 7% used [0x00000005c0c00000,0x00000005c1b4cb30,0x00000005ce580000)
 Metaspace       used 34797K, capacity 35244K, committed 35416K, reserved 1079296K
  class space    used 4555K, capacity 4659K, committed 4736K, reserved 1048576K
Event: 3.140 GC heap after
Heap after GC invocations=5 (full 1):
 PSYoungGen      total 371200K, used 17407K [0x0000000715980000, 0x000000072e080000, 0x00000007c0000000)
  eden space 353792K, 0% used [0x0000000715980000,0x0000000715980000,0x000000072b300000)
  from space 17408K, 99% used [0x000000072cf80000,0x000000072e07fc08,0x000000072e080000)
  to   space 21504K, 0% used [0x000000072b680000,0x000000072b680000,0x000000072cb80000)
 ParOldGen       total 222720K, used 15674K [0x00000005c0c00000, 0x00000005ce580000, 0x0000000715980000)
  object space 222720K, 7% used [0x00000005c0c00000,0x00000005c1b4eb30,0x00000005ce580000)
 Metaspace       used 34797K, capacity 35244K, committed 35416K, reserved 1079296K
  class space    used 4555K, capacity 4659K, committed 4736K, reserved 1048576K
}
Event: 3.140 GC heap before
{Heap before GC invocations=6 (full 2):
 PSYoungGen      total 371200K, used 17407K [0x0000000715980000, 0x000000072e080000, 0x00000007c0000000)
  eden space 353792K, 0% used [0x0000000715980000,0x0000000715980000,0x000000072b300000)
  from space 17408K, 99% used [0x000000072cf80000,0x000000072e07fc08,0x000000072e080000)
  to   space 21504K, 0% used [0x000000072b680000,0x000000072b680000,0x000000072cb80000)
 ParOldGen       total 222720K, used 15674K [0x00000005c0c00000, 0x00000005ce580000, 0x0000000715980000)
  object space 222720K, 7% used [0x00000005c0c00000,0x00000005c1b4eb30,0x00000005ce580000)
 Metaspace       used 34797K, capacity 35244K, committed 35416K, reserved 1079296K
  class space    used 4555K, capacity 4659K, committed 4736K, reserved 1048576K
Event: 3.188 GC heap after
Heap after GC invocations=6 (full 2):
 PSYoungGen      total 371200K, used 0K [0x0000000715980000, 0x000000072e080000, 0x00000007c0000000)
  eden space 353792K, 0% used [0x0000000715980000,0x0000000715980000,0x000000072b300000)
  from space 17408K, 0% used [0x000000072cf80000,0x000000072cf80000,0x000000072e080000)
  to   space 21504K, 0% used [0x000000072b680000,0x000000072b680000,0x000000072cb80000)
 ParOldGen       total 370688K, used 28842K [0x00000005c0c00000, 0x00000005d7600000, 0x0000000715980000)
  object space 370688K, 7% used [0x00000005c0c00000,0x00000005c282ab98,0x00000005d7600000)
 Metaspace       used 34797K, capacity 35244K, committed 35416K, reserved 1079296K
  class space    used 4555K, capacity 4659K, committed 4736K, reserved 1048576K
}
Event: 5.694 GC heap before
{Heap before GC invocations=7 (full 2):
 PSYoungGen      total 371200K, used 353792K [0x0000000715980000, 0x000000072e080000, 0x00000007c0000000)
  eden space 353792K, 100% used [0x0000000715980000,0x000000072b300000,0x000000072b300000)
  from space 17408K, 0% used [0x000000072cf80000,0x000000072cf80000,0x000000072e080000)
  to   space 21504K, 0% used [0x000000072b680000,0x000000072b680000,0x000000072cb80000)
 ParOldGen       total 370688K, used 28842K [0x00000005c0c00000, 0x00000005d7600000, 0x0000000715980000)
  object space 370688K, 7% used [0x00000005c0c00000,0x00000005c282ab98,0x00000005d7600000)
 Metaspace       used 47343K, capacity 47916K, committed 48088K, reserved 1091584K
  class space    used 6202K, capacity 6329K, committed 6400K, reserved 1048576K
Event: 5.704 GC heap after
Heap after GC invocations=7 (full 2):
 PSYoungGen      total 378880K, used 21490K [0x0000000715980000, 0x0000000734980000, 0x00000007c0000000)
  eden space 357376K, 0% used [0x0000000715980000,0x0000000715980000,0x000000072b680000)
  from space 21504K, 99% used [0x000000072b680000,0x000000072cb7cbe0,0x000000072cb80000)
  to   space 22016K, 0% used [0x0000000733400000,0x0000000733400000,0x0000000734980000)
 ParOldGen       total 370688K, used 29121K [0x00000005c0c00000, 0x00000005d7600000, 0x0000000715980000)
  object space 370688K, 7% used [0x00000005c0c00000,0x00000005c28705c8,0x00000005d7600000)
 Metaspace       used 47343K, capacity 47916K, committed 48088K, reserved 1091584K
  class space    used 6202K, capacity 6329K, committed 6400K, reserved 1048576K
}

Deoptimization events (0 events):
No events

Internal exceptions (10 events):
Event: 13.386 Thread 0x000000002a5f5000 Exception <a 'java/lang/ArrayIndexOutOfBoundsException'> (0x00000007290eb978) thrown at [C:\re\workspace\8-2-build-windows-amd64-cygwin\jdk8u101\7261\hotspot\src\share\vm\runtime\sharedRuntime.cpp, line 605]
Event: 13.386 Thread 0x000000002a5f5000 Exception <a 'java/lang/ArrayIndexOutOfBoundsException'> (0x00000007290ede00) thrown at [C:\re\workspace\8-2-build-windows-amd64-cygwin\jdk8u101\7261\hotspot\src\share\vm\runtime\sharedRuntime.cpp, line 605]
Event: 13.386 Thread 0x000000002a5f5000 Exception <a 'java/lang/ArrayIndexOutOfBoundsException'> (0x00000007290ef968) thrown at [C:\re\workspace\8-2-build-windows-amd64-cygwin\jdk8u101\7261\hotspot\src\share\vm\runtime\sharedRuntime.cpp, line 605]
Event: 13.388 Thread 0x000000002a5f5000 Exception <a 'java/lang/ClassNotFoundException': com/jhonelee/jfdf/resource/entity/Resource$ResourceIconTypeCustomizer> (0x0000000729494e70) thrown at [C:\re\workspace\8-2-build-windows-amd64-cygwin\jdk8u101\7261\hotspot\src\share\vm\classfile\systemDictio.ã~GÆÆ*@
Event: 13.388 Thread 0x000000002a5f5000 Exception <a 'java/lang/ArrayIndexOutOfBoundsException'> (0x0000000729499690) thrown at [C:\re\workspace\8-2-build-windows-amd64-cygwin\jdk8u101\7261\hotspot\src\share\vm\runtime\sharedRuntime.cpp, line 605]
Event: 13.388 Thread 0x000000002a5f5000 Exception <a 'java/lang/ArrayIndexOutOfBoundsException'> (0x000000072949b6e8) thrown at [C:\re\workspace\8-2-build-windows-amd64-cygwin\jdk8u101\7261\hotspot\src\share\vm\runtime\sharedRuntime.cpp, line 605]
Event: 13.401 Thread 0x000000002a5f4000 Exception <a 'java/lang/ArrayIndexOutOfBoundsException'> (0x0000000729711e88) thrown at [C:\re\workspace\8-2-build-windows-amd64-cygwin\jdk8u101\7261\hotspot\src\share\vm\runtime\sharedRuntime.cpp, line 605]
Event: 13.401 Thread 0x000000002a5f5800 Exception <a 'java/lang/ArrayIndexOutOfBoundsException'> (0x0000000729319df0) thrown at [C:\re\workspace\8-2-build-windows-amd64-cygwin\jdk8u101\7261\hotspot\src\share\vm\runtime\sharedRuntime.cpp, line 605]
Event: 13.401 Thread 0x000000002a5f0800 Exception <a 'java/lang/ArrayIndexOutOfBoundsException'> (0x000000072962d620) thrown at [C:\re\workspace\8-2-build-windows-amd64-cygwin\jdk8u101\7261\hotspot\src\share\vm\runtime\sharedRuntime.cpp, line 605]
Event: 16.120 Thread 0x000000002a5f5000 Exception <a 'java/lang/reflect/InvocationTargetException'> (0x000000072a5a6228) thrown at [C:\re\workspace\8-2-build-windows-amd64-cygwin\jdk8u101\7261\hotspot\src\share\vm\runtime\reflection.cpp, line 1092]

Events (10 events):
Event: 34.717 loading class org/apache/tomcat/PeriodicEventListener
Event: 34.717 loading class org/apache/tomcat/PeriodicEventListener done
Event: 34.717 Thread 0x000000002b2a7000 DEOPT PACKING pc=0x0000000003309e11 sp=0x000000002e87dda0
Event: 34.717 Thread 0x000000002b2a7000 DEOPT UNPACKING pc=0x000000000318787f sp=0x000000002e87daf0 mode 1
Event: 34.717 Thread 0x000000002b2a7000 DEOPT PACKING pc=0x00000000037aaabc sp=0x000000002e87de20
Event: 34.717 Thread 0x000000002b2a7000 DEOPT UNPACKING pc=0x000000000318787f sp=0x000000002e87dc30 mode 1
Event: 34.717 Thread 0x000000002b2a7000 DEOPT PACKING pc=0x00000000037aaa04 sp=0x000000002e87dfa0
Event: 34.717 Thread 0x000000002b2a7000 DEOPT UNPACKING pc=0x000000000318787f sp=0x000000002e87ddb0 mode 1
Event: 55.806 Executing VM operation: RedefineClasses
Event: 55.846 Executing VM operation: RedefineClasses done


Dynamic libraries:
0x00007ff634d70000 - 0x00007ff634da7000 	C:\Program Files\Java\jdk1.8.0_101\bin\javaw.exe
0x00007ffd04c00000 - 0x00007ffd04dd2000 	C:\WINDOWS\SYSTEM32\ntdll.dll
0x00007ffd029e0000 - 0x00007ffd02a8c000 	C:\WINDOWS\System32\KERNEL32.DLL
0x00007ffd014d0000 - 0x00007ffd016ed000 	C:\WINDOWS\System32\KERNELBASE.dll
0x00007ffd049a0000 - 0x00007ffd04a42000 	C:\WINDOWS\System32\ADVAPI32.dll
0x00007ffd04a50000 - 0x00007ffd04aee000 	C:\WINDOWS\System32\msvcrt.dll
0x00007ffd03300000 - 0x00007ffd03359000 	C:\WINDOWS\System32\sechost.dll
0x00007ffd03360000 - 0x00007ffd03481000 	C:\WINDOWS\System32\RPCRT4.dll
0x00007ffd02a90000 - 0x00007ffd02bf5000 	C:\WINDOWS\System32\USER32.dll
0x00007ffd02020000 - 0x00007ffd0203e000 	C:\WINDOWS\System32\win32u.dll
0x00007ffd029a0000 - 0x00007ffd029d4000 	C:\WINDOWS\System32\GDI32.dll
0x00007ffd01ea0000 - 0x00007ffd02020000 	C:\WINDOWS\System32\gdi32full.dll
0x00007ffcf8870000 - 0x00007ffcf8aea000 	C:\WINDOWS\WinSxS\amd64_microsoft.windows.common-controls_6595b64144ccf1df_6.0.14393.953_none_42151e83c686086b\COMCTL32.dll
0x00007ffd02ec0000 - 0x00007ffd03188000 	C:\WINDOWS\System32\combase.dll
0x00007ffd011b0000 - 0x00007ffd012a5000 	C:\WINDOWS\System32\ucrtbase.dll
0x00007ffd01e30000 - 0x00007ffd01e9a000 	C:\WINDOWS\System32\bcryptPrimitives.dll
0x00007ffd02200000 - 0x00007ffd0222e000 	C:\WINDOWS\System32\IMM32.DLL
0x000000006c650000 - 0x000000006c722000 	C:\Program Files\Java\jdk1.8.0_101\jre\bin\msvcr100.dll
0x000000006c910000 - 0x000000006d1aa000 	C:\Program Files\Java\jdk1.8.0_101\jre\bin\server\jvm.dll
0x00007ffd04af0000 - 0x00007ffd04af8000 	C:\WINDOWS\System32\PSAPI.DLL
0x00007ffcfded0000 - 0x00007ffcfded9000 	C:\WINDOWS\SYSTEM32\WSOCK32.dll
0x00007ffcfef70000 - 0x00007ffcfef93000 	C:\WINDOWS\SYSTEM32\WINMM.dll
0x00007ffcffdf0000 - 0x00007ffcffdfa000 	C:\WINDOWS\SYSTEM32\VERSION.dll
0x00007ffd02660000 - 0x00007ffd026ca000 	C:\WINDOWS\System32\WS2_32.dll
0x0000000001240000 - 0x000000000126b000 	C:\WINDOWS\SYSTEM32\WINMMBASE.dll
0x00007ffd01480000 - 0x00007ffd014c2000 	C:\WINDOWS\System32\cfgmgr32.dll
0x000000006e980000 - 0x000000006e98f000 	C:\Program Files\Java\jdk1.8.0_101\jre\bin\verify.dll
0x000000006e950000 - 0x000000006e979000 	C:\Program Files\Java\jdk1.8.0_101\jre\bin\java.dll
0x000000006c610000 - 0x000000006c645000 	C:\Program Files\Java\jdk1.8.0_101\jre\bin\jdwp.dll
0x000000006c600000 - 0x000000006c608000 	C:\Program Files\Java\jdk1.8.0_101\jre\bin\npt.dll
0x000000006e930000 - 0x000000006e946000 	C:\Program Files\Java\jdk1.8.0_101\jre\bin\zip.dll
0x00007ffd03490000 - 0x00007ffd04998000 	C:\WINDOWS\System32\SHELL32.dll
0x00007ffd01750000 - 0x00007ffd01e2a000 	C:\WINDOWS\System32\windows.storage.dll
0x00007ffd010b0000 - 0x00007ffd010fc000 	C:\WINDOWS\System32\powrprof.dll
0x00007ffd026d0000 - 0x00007ffd02722000 	C:\WINDOWS\System32\shlwapi.dll
0x00007ffd010a0000 - 0x00007ffd010af000 	C:\WINDOWS\System32\kernel.appcore.dll
0x00007ffd01100000 - 0x00007ffd011a9000 	C:\WINDOWS\System32\shcore.dll
0x00007ffd01070000 - 0x00007ffd01084000 	C:\WINDOWS\System32\profapi.dll
0x000000006c5f0000 - 0x000000006c5f9000 	C:\Program Files\Java\jdk1.8.0_101\jre\bin\dt_socket.dll
0x00007ffcee1a0000 - 0x00007ffcee1b6000 	C:\WINDOWS\system32\napinsp.dll
0x00007ffcee180000 - 0x00007ffcee19a000 	C:\WINDOWS\system32\pnrpnsp.dll
0x00007ffcfed70000 - 0x00007ffcfed88000 	C:\WINDOWS\system32\NLAapi.dll
0x00007ffd00970000 - 0x00007ffd009cc000 	C:\WINDOWS\System32\mswsock.dll
0x00007ffd00730000 - 0x00007ffd007d1000 	C:\WINDOWS\SYSTEM32\DNSAPI.dll
0x00007ffd032f0000 - 0x00007ffd032f8000 	C:\WINDOWS\System32\NSI.dll
0x00007ffd006f0000 - 0x00007ffd00728000 	C:\WINDOWS\SYSTEM32\IPHLPAPI.DLL
0x00007ffcee170000 - 0x00007ffcee17e000 	C:\WINDOWS\System32\winrnr.dll
0x0000000180000000 - 0x0000000180079000 	C:\WINDOWS\system32\xunyount64.dll
0x00007ffcfab70000 - 0x00007ffcfab8a000 	C:\WINDOWS\SYSTEM32\dhcpcsvc.DLL
0x00007ffcfaf20000 - 0x00007ffcfaf8a000 	C:\WINDOWS\System32\fwpuclnt.dll
0x00007ffd00c20000 - 0x00007ffd00c4b000 	C:\WINDOWS\SYSTEM32\bcrypt.dll
0x00007ffcfb870000 - 0x00007ffcfb87a000 	C:\Windows\System32\rasadhlp.dll
0x000000006c730000 - 0x000000006c73d000 	C:\Program Files\Java\jdk1.8.0_101\jre\bin\management.dll
0x000000006e910000 - 0x000000006e92a000 	C:\Program Files\Java\jdk1.8.0_101\jre\bin\net.dll
0x000000006e8f0000 - 0x000000006e901000 	C:\Program Files\Java\jdk1.8.0_101\jre\bin\nio.dll
0x00007ffd00b10000 - 0x00007ffd00b27000 	C:\WINDOWS\SYSTEM32\CRYPTSP.dll
0x00007ffd00570000 - 0x00007ffd005a3000 	C:\WINDOWS\system32\rsaenh.dll
0x00007ffd007f0000 - 0x00007ffd0080f000 	C:\WINDOWS\SYSTEM32\USERENV.dll
0x00007ffd00b30000 - 0x00007ffd00b3b000 	C:\WINDOWS\SYSTEM32\CRYPTBASE.dll
0x00007ffcfb340000 - 0x00007ffcfb356000 	C:\WINDOWS\SYSTEM32\dhcpcsvc6.DLL
0x00007ffcf0c50000 - 0x00007ffcf0de2000 	C:\WINDOWS\SYSTEM32\dbghelp.dll

VM Arguments:
jvm_args: -agentlib:jdwp=transport=dt_socket,suspend=y,address=localhost:52757 -Dcom.sun.management.jmxremote -Dcom.sun.management.jmxremote.port=52756 -Dcom.sun.management.jmxremote.authenticate=false -Dcom.sun.management.jmxremote.ssl=false -Djava.rmi.server.hostname=localhost -Dspring.application.admin.enabled=true -Xverify:none -XX:TieredStopAtLevel=1 -Dfile.encoding=UTF-8 
java_command: com.jhonelee.jfdf.Application
java_class_path (initial): C:\Program Files\Java\jdk1.8.0_101\jre\lib\resources.jar;C:\Program Files\Java\jdk1.8.0_101\jre\lib\rt.jar;C:\Program Files\Java\jdk1.8.0_101\jre\lib\jsse.jar;C:\Program Files\Java\jdk1.8.0_101\jre\lib\jce.jar;C:\Program Files\Java\jdk1.8.0_101\jre\lib\charsets.jar;C:\Program Files\Java\jdk1.8.0_101\jre\lib\jfr.jar;C:\Program Files\Java\jdk1.8.0_101\jre\lib\ext\access-bridge-64.jar;C:\Program Files\Java\jdk1.8.0_101\jre\lib\ext\cldrdata.jar;C:\Program Files\Java\jdk1.8.0_101\jre\lib\ext\dnsns.jar;C:\Program Files\Java\jdk1.8.0_101\jre\lib\ext\jaccess.jar;C:\Program Files\Java\jdk1.8.0_101\jre\lib\ext\jfxrt.jar;C:\Program Files\Java\jdk1.8.0_101\jre\lib\ext\localedata.jar;C:\Program Files\Java\jdk1.8.0_101\jre\lib\ext\nashorn.jar;C:\Program Files\Java\jdk1.8.0_101\jre\lib\ext\sunec.jar;C:\Program Files\Java\jdk1.8.0_101\jre\lib\ext\sunjce_provider.jar;C:\Program Files\Java\jdk1.8.0_101\jre\lib\ext\sunmscapi.jar;C:\Program Files\Java\jdk1.8.0_101\jre\lib\ext\sunpkcs11.jar;C:\Program Files\Java\jdk1.8.0_101\jre\lib\ext\zipfs.jar;D:\workspaces\workspace2\JFDF\target\classes;D:\repo\org\springframework\boot\spring-boot\1.5.2.RELEASE\spring-boot-1.5.2.RELEASE.jar;D:\repo\org\springframework\spring-core\4.3.7.RELEASE\spring-core-4.3.7.RELEASE.jar;D:\repo\org\springframework\spring-context\4.3.7.RELEASE\spring-context-4.3.7.RELEASE.jar;D:\repo\org\springframework\spring-beans\4.3.7.RELEASE\spring-beans-4.3.7.RELEASE.jar;D:\repo\org\springframework\spring-expression\4.3.7.RELEASE\spring-expression-4.3.7.RELEASE.jar;D:\repo\org\springframework\boot\spring-boot-starter-test\1.5.2.RELEASE\spring-boot-starter-test-1.5.2.RELEASE.jar;D:\repo\org\springframework\boot\spring-boot-test\1.5.2.RELEASE\spring-boot-test-1.5.2.RELEASE.jar;D:\repo\org\springframework\boot\spring-boot-test-autoconfigure\1.5.2.RELEASE\spring-boot-test-autoconfigure-1.5.2.RELEASE.jar;D:\repo\org\springframework\boot\spring-boot-autoconfigure\1.5.2.RELEASE\spring-boot-autoconfigure
Launcher Type: SUN_STANDARD

Environment Variables:
JAVA_HOME=C:\Program Files\Java\jdk1.8.0_101
PATH=C:\Program Files\Java\jdk1.8.0_101\jre\bin;C:/Program Files/Java/jdk1.8.0_101/bin/../jre/bin/server;C:/Program Files/Java/jdk1.8.0_101/bin/../jre/bin;C:/Program Files/Java/jdk1.8.0_101/bin/../jre/lib/amd64;C:\Program Files\Java\jdk1.8.0_101\bin;C:\Program Files\Docker\Docker\Resources\bin;D:\Python\Python36-64\Scripts\;D:\Python\Python36-64\;C:\Windows\system32;C:\Windows;C:\Windows\System32\Wbem;C:\Windows\System32\WindowsPowerShell\v1.0\;C:\Program Files (x86)\NVIDIA Corporation\PhysX\Common;D:\apache-maven-3.3.9\bin;C:\WINDOWS\system32;C:\WINDOWS;C:\WINDOWS\System32\Wbem;C:\WINDOWS\System32\WindowsPowerShell\v1.0\;C:\Program Files\MySQL\MySQL Utilities 1.6\;d:\Git\cmd;d:\Git\mingw64\bin;d:\Git\usr\bin;D:\nodejs\;C:\Users\jhonelee\AppData\Local\Microsoft\WindowsApps;C:\Users\jhonelee\AppData\Roaming\npm;D:\eclipse;
USERNAME=jhonelee
OS=Windows_NT
PROCESSOR_IDENTIFIER=Intel64 Family 6 Model 94 Stepping 3, GenuineIntel



---------------  S Y S T E M  ---------------

OS: Windows 10.0 , 64 bit Build 14393 (10.0.14393.1198)

CPU:total 8 (4 cores per cpu, 2 threads per core) family 6 model 94 stepping 3, cmov, cx8, fxsr, mmx, sse, sse2, sse3, ssse3, sse4.1, sse4.2, popcnt, avx, avx2, aes, clmul, erms, rtm, 3dnowpref, lzcnt, ht, tsc, tscinvbit, bmi1, bmi2, adx

Memory: 4k page, physical 33502872k(26042156k free), swap 38483608k(29183612k free)

vm_info: Java HotSpot(TM) 64-Bit Server VM (25.101-b13) for windows-amd64 JRE (1.8.0_101-b13), built on Jun 22 2016 01:21:29 by "java_re" with MS VC++ 10.0 (VS2010)

time: Sat Oct 28 14:05:44 2017
elapsed time: 55 seconds (0d 0h 0m 55s)

